<?xml version="1.0" encoding="UTF-8"?>
<!-- Generated by org.testng.reporters.JUnitXMLReporter -->
<testsuite ignored="0" hostname="LAPTOP-K7VNGAMD" failures="1" tests="1" name="Test" time="5.494" errors="0" timestamp="2025-07-22T13:51:04 IST">
  <testcase classname="io.cucumber.testng.AbstractTestNGCucumberTests" name="runScenario" time="5.245">
    <failure type="java.lang.NullPointerException">
      <![CDATA[java.lang.NullPointerException
at Hooks.Hooks.beforeScenario(Hooks.java:39)
]]>
    </failure>
  </testcase> <!-- runScenario -->
</testsuite> <!-- Test -->
