<?xml version="1.0" encoding="UTF-8"?>
<testng-results ignored="0" total="2" passed="2" failed="0" skipped="0">
  <reporter-output>
  </reporter-output>
  <suite started-at="2025-07-24T17:16:20 IST" name="Surefire suite" finished-at="2025-07-24T17:17:11 IST" duration-ms="51555">
    <groups>
      <group name="cucumber">
        <method signature="AbstractTestNGCucumberTests.runScenario(io.cucumber.testng.PickleWrapper, io.cucumber.testng.FeatureWrapper)[pri:0, instance:Runner.Loginrunner@7862f56]" name="runScenario" class="io.cucumber.testng.AbstractTestNGCucumberTests"/>
      </group> <!-- cucumber -->
    </groups>
    <test started-at="2025-07-24T17:16:20 IST" name="Surefire test" finished-at="2025-07-24T17:17:11 IST" duration-ms="51555">
      <class name="Hooks.BaseTest">
        <test-method is-config="true" signature="setupReports()[pri:0, instance:Hooks.BaseTest@517d4a0d]" started-at="2025-07-24T17:16:19 IST" name="setupReports" finished-at="2025-07-24T17:16:20 IST" duration-ms="188" status="PASS">
          <reporter-output>
          </reporter-output>
        </test-method> <!-- setupReports -->
        <test-method is-config="true" signature="endReports()[pri:0, instance:Hooks.BaseTest@517d4a0d]" started-at="2025-07-24T17:17:11 IST" name="endReports" finished-at="2025-07-24T17:17:12 IST" duration-ms="411" status="PASS">
          <reporter-output>
          </reporter-output>
        </test-method> <!-- endReports -->
      </class> <!-- Hooks.BaseTest -->
      <class name="Runner.Loginrunner">
        <test-method is-config="true" signature="setUpClass()[pri:0, instance:Runner.Loginrunner@7862f56]" started-at="2025-07-24T17:16:20 IST" name="setUpClass" finished-at="2025-07-24T17:16:20 IST" duration-ms="187" status="PASS">
          <reporter-output>
          </reporter-output>
        </test-method> <!-- setUpClass -->
        <test-method signature="runScenario(io.cucumber.testng.PickleWrapper, io.cucumber.testng.FeatureWrapper)[pri:0, instance:Runner.Loginrunner@7862f56]" started-at="2025-07-24T17:16:20 IST" name="runScenario" description="Runs Cucumber Scenarios" data-provider="scenarios" finished-at="2025-07-24T17:16:56 IST" duration-ms="36276" status="PASS">
          <params>
            <param index="0">
              <value>
                <![CDATA["Logging with valid crendentials"]]>
              </value>
            </param>
            <param index="1">
              <value>
                <![CDATA["Optional[Login into the OrangeHRM]"]]>
              </value>
            </param>
          </params>
          <reporter-output>
          </reporter-output>
        </test-method> <!-- runScenario -->
        <test-method signature="runScenario(io.cucumber.testng.PickleWrapper, io.cucumber.testng.FeatureWrapper)[pri:0, instance:Runner.Loginrunner@7862f56]" started-at="2025-07-24T17:16:56 IST" name="runScenario" description="Runs Cucumber Scenarios" data-provider="scenarios" finished-at="2025-07-24T17:17:11 IST" duration-ms="15064" status="PASS">
          <params>
            <param index="0">
              <value>
                <![CDATA["Logging with invalid crendentials"]]>
              </value>
            </param>
            <param index="1">
              <value>
                <![CDATA["Optional[Login into the OrangeHRM]"]]>
              </value>
            </param>
          </params>
          <reporter-output>
          </reporter-output>
        </test-method> <!-- runScenario -->
        <test-method is-config="true" signature="tearDownClass()[pri:0, instance:Runner.Loginrunner@7862f56]" started-at="2025-07-24T17:17:11 IST" name="tearDownClass" finished-at="2025-07-24T17:17:11 IST" duration-ms="14" status="PASS">
          <reporter-output>
          </reporter-output>
        </test-method> <!-- tearDownClass -->
      </class> <!-- Runner.Loginrunner -->
    </test> <!-- Surefire test -->
  </suite> <!-- Surefire suite -->
</testng-results>
