<?xml version="1.0" encoding="UTF-8"?>
<testng-results ignored="0" total="3" passed="3" failed="0" skipped="0">
  <reporter-output>
  </reporter-output>
  <suite started-at="2025-07-25T14:48:20 IST" name="Suite" finished-at="2025-07-25T14:48:43 IST" duration-ms="23739">
    <groups>
      <group name="cucumber">
        <method signature="AbstractTestNGCucumberTests.runScenario(io.cucumber.testng.PickleWrapper, io.cucumber.testng.FeatureWrapper)[pri:0, instance:Runner.ResetpasswordRunner@5d018107]" name="runScenario" class="io.cucumber.testng.AbstractTestNGCucumberTests"/>
      </group> <!-- cucumber -->
    </groups>
    <test started-at="2025-07-25T14:48:20 IST" name="Cucumber Test" finished-at="2025-07-25T14:48:43 IST" duration-ms="23739">
      <class name="Hooks.BaseTest">
        <test-method is-config="true" signature="setupReports()[pri:0, instance:Hooks.BaseTest@305f7627]" started-at="2025-07-25T14:48:19 IST" name="setupReports" finished-at="2025-07-25T14:48:20 IST" duration-ms="236" status="PASS">
          <reporter-output>
          </reporter-output>
        </test-method> <!-- setupReports -->
        <test-method is-config="true" signature="endReports()[pri:0, instance:Hooks.BaseTest@305f7627]" started-at="2025-07-25T14:48:43 IST" name="endReports" finished-at="2025-07-25T14:48:44 IST" duration-ms="380" status="PASS">
          <reporter-output>
          </reporter-output>
        </test-method> <!-- endReports -->
      </class> <!-- Hooks.BaseTest -->
      <class name="Runner.ResetpasswordRunner">
        <test-method is-config="true" signature="setUpClass()[pri:0, instance:Runner.ResetpasswordRunner@5d018107]" started-at="2025-07-25T14:48:20 IST" name="setUpClass" finished-at="2025-07-25T14:48:20 IST" duration-ms="194" status="PASS">
          <reporter-output>
          </reporter-output>
        </test-method> <!-- setUpClass -->
        <test-method signature="runScenario(io.cucumber.testng.PickleWrapper, io.cucumber.testng.FeatureWrapper)[pri:0, instance:Runner.ResetpasswordRunner@5d018107]" started-at="2025-07-25T14:48:20 IST" name="runScenario" description="Runs Cucumber Scenarios" data-provider="scenarios" finished-at="2025-07-25T14:48:29 IST" duration-ms="9470" status="PASS">
          <params>
            <param index="0">
              <value>
                <![CDATA["Resetting the password"]]>
              </value>
            </param>
            <param index="1">
              <value>
                <![CDATA["Optional[Forgotten password]"]]>
              </value>
            </param>
          </params>
          <reporter-output>
          </reporter-output>
        </test-method> <!-- runScenario -->
        <test-method signature="runScenario(io.cucumber.testng.PickleWrapper, io.cucumber.testng.FeatureWrapper)[pri:0, instance:Runner.ResetpasswordRunner@5d018107]" started-at="2025-07-25T14:48:29 IST" name="runScenario" description="Runs Cucumber Scenarios" data-provider="scenarios" finished-at="2025-07-25T14:48:36 IST" duration-ms="6636" status="PASS">
          <params>
            <param index="0">
              <value>
                <![CDATA["Remember the password"]]>
              </value>
            </param>
            <param index="1">
              <value>
                <![CDATA["Optional[Forgotten password]"]]>
              </value>
            </param>
          </params>
          <reporter-output>
          </reporter-output>
        </test-method> <!-- runScenario -->
        <test-method signature="runScenario(io.cucumber.testng.PickleWrapper, io.cucumber.testng.FeatureWrapper)[pri:0, instance:Runner.ResetpasswordRunner@5d018107]" started-at="2025-07-25T14:48:36 IST" name="runScenario" description="Runs Cucumber Scenarios" data-provider="scenarios" finished-at="2025-07-25T14:48:43 IST" duration-ms="7401" status="PASS">
          <params>
            <param index="0">
              <value>
                <![CDATA["Not entered any details"]]>
              </value>
            </param>
            <param index="1">
              <value>
                <![CDATA["Optional[Forgotten password]"]]>
              </value>
            </param>
          </params>
          <reporter-output>
          </reporter-output>
        </test-method> <!-- runScenario -->
        <test-method is-config="true" signature="tearDownClass()[pri:0, instance:Runner.ResetpasswordRunner@5d018107]" started-at="2025-07-25T14:48:43 IST" name="tearDownClass" finished-at="2025-07-25T14:48:43 IST" duration-ms="13" status="PASS">
          <reporter-output>
          </reporter-output>
        </test-method> <!-- tearDownClass -->
      </class> <!-- Runner.ResetpasswordRunner -->
    </test> <!-- Cucumber Test -->
  </suite> <!-- Suite -->
</testng-results>
